<?xml version="1.0" encoding="UTF-8"?>
<testng-results skipped="0" failed="0" total="1" passed="1">
  <reporter-output>
  </reporter-output>
  <suite name="TestSuite" duration-ms="82166" started-at="2018-04-12T16:10:53Z" finished-at="2018-04-12T16:12:15Z">
    <groups>
    </groups>
    <test name="Test" duration-ms="82166" started-at="2018-04-12T16:10:53Z" finished-at="2018-04-12T16:12:15Z">
      <class name="Automation.Automation.AppTest">
        <test-method status="PASS" signature="beforeMethod()[pri:0, instance:Automation.Automation.AppTest@5dda6f9]" name="beforeMethod" is-config="true" duration-ms="34910" started-at="2018-04-12T23:10:53Z" finished-at="2018-04-12T23:11:28Z">
          <reporter-output>
          </reporter-output>
        </test-method> <!-- beforeMethod -->
        <test-method status="PASS" signature="login()[pri:0, instance:Automation.Automation.AppTest@5dda6f9]" name="login" duration-ms="42328" started-at="2018-04-12T23:11:28Z" finished-at="2018-04-12T23:12:10Z">
          <reporter-output>
          </reporter-output>
        </test-method> <!-- login -->
        <test-method status="PASS" signature="afterMethdod()[pri:0, instance:Automation.Automation.AppTest@5dda6f9]" name="afterMethdod" is-config="true" duration-ms="4736" started-at="2018-04-12T23:12:10Z" finished-at="2018-04-12T23:12:15Z">
          <reporter-output>
          </reporter-output>
        </test-method> <!-- afterMethdod -->
      </class> <!-- Automation.Automation.AppTest -->
    </test> <!-- Test -->
  </suite> <!-- TestSuite -->
</testng-results>
