<?xml version="1.0" encoding="UTF-8"?>
<testng-results skipped="0" failed="0" total="1" passed="1">
  <reporter-output>
  </reporter-output>
  <suite name="Default suite" duration-ms="63053" started-at="2018-04-12T09:49:32Z" finished-at="2018-04-12T09:50:35Z">
    <groups>
    </groups>
    <test name="Default test" duration-ms="63053" started-at="2018-04-12T09:49:32Z" finished-at="2018-04-12T09:50:35Z">
      <class name="Automation.Automation.AppTest">
        <test-method status="PASS" signature="beforeMethod()[pri:0, instance:Automation.Automation.AppTest@2c282004]" name="beforeMethod" is-config="true" duration-ms="24046" started-at="2018-04-12T16:49:32Z" finished-at="2018-04-12T16:49:56Z">
          <reporter-output>
          </reporter-output>
        </test-method> <!-- beforeMethod -->
        <test-method status="PASS" signature="login()[pri:0, instance:Automation.Automation.AppTest@2c282004]" name="login" duration-ms="36004" started-at="2018-04-12T16:49:56Z" finished-at="2018-04-12T16:50:32Z">
          <reporter-output>
          </reporter-output>
        </test-method> <!-- login -->
        <test-method status="PASS" signature="afterMethdod()[pri:0, instance:Automation.Automation.AppTest@2c282004]" name="afterMethdod" is-config="true" duration-ms="2926" started-at="2018-04-12T16:50:32Z" finished-at="2018-04-12T16:50:35Z">
          <reporter-output>
          </reporter-output>
        </test-method> <!-- afterMethdod -->
      </class> <!-- Automation.Automation.AppTest -->
    </test> <!-- Default test -->
  </suite> <!-- Default suite -->
</testng-results>
